
/home/runner/work/exp-convection-radiation-iitb/exp-convection-radiation-iitb/experiment/simulation/common_libraries/js/ts_components/collapse_step.js
   1:10  warning  'show_step' is defined but never used                 no-unused-vars
   2:5   warning  '$' is not defined                                    no-undef
   3:9   warning  '$' is not defined                                    no-undef
   6:10  warning  'hide_step' is defined but never used                 no-unused-vars
   7:5   warning  '$' is not defined                                    no-undef
   8:9   warning  '$' is not defined                                    no-undef
  11:10  warning  'get_collapse_btn_text' is defined but never used     no-unused-vars
  20:10  warning  'get_collapse_btn_element' is defined but never used  no-unused-vars
  29:10  warning  'hide_all_steps' is defined but never used            no-unused-vars
  31:9   warning  '$' is not defined                                    no-undef

/home/runner/work/exp-convection-radiation-iitb/exp-convection-radiation-iitb/experiment/simulation/common_libraries/js/ts_components/matrix.js
   27:26  warning  'MathJax' is not defined                                no-undef
   32:7   warning  'Matrix_Without_String' is defined but never used       no-unused-vars
   52:26  warning  'MathJax' is not defined                                no-undef
   56:10  warning  'get_matrix_html' is defined but never used             no-unused-vars
   87:13  warning  'row_html' is assigned a value but never used           no-unused-vars
   99:10  warning  'get_matrix_html_with_title' is defined but never used  no-unused-vars
  131:13  warning  'row_html' is assigned a value but never used           no-unused-vars
  143:10  warning  'convert_2d_to_1d_vector' is defined but never used     no-unused-vars
  156:10  warning  'convert_1d_to_2d_matrix' is defined but never used     no-unused-vars

/home/runner/work/exp-convection-radiation-iitb/exp-convection-radiation-iitb/experiment/simulation/common_libraries/js/ts_components/pannel.js
  8:7  warning  'Pannel' is defined but never used  no-unused-vars

/home/runner/work/exp-convection-radiation-iitb/exp-convection-radiation-iitb/experiment/simulation/common_libraries/js/ts_components/questions.js
   6:17  warning  'op1' is assigned a value but never used      no-unused-vars
   7:17  warning  'op2' is assigned a value but never used      no-unused-vars
   8:17  warning  'op3' is assigned a value but never used      no-unused-vars
   9:17  warning  'op4' is assigned a value but never used      no-unused-vars
  94:7   warning  'Question_Options' is defined but never used  no-unused-vars

/home/runner/work/exp-convection-radiation-iitb/exp-convection-radiation-iitb/experiment/simulation/common_libraries/js/ts_components/tables.js
   19:22  warning  'verify_values' is not defined                                     no-undef
  137:22  warning  'verify_values' is not defined                                     no-undef
  260:7   warning  'Verify_Rows_Cols_6_decimal_places' is defined but never used      no-unused-vars
  311:22  warning  'verify_values' is not defined                                     no-undef
  416:7   warning  'Verify_Rows_Cols_Custom_Fixed_Update1' is defined but never used  no-unused-vars
  468:7   warning  'Show_Table_Custom_Fixed' is defined but never used                no-unused-vars
  506:7   warning  'Verify_Rows_Cols_Strings' is defined but never used               no-unused-vars
  527:22  warning  'verify_values' is not defined                                     no-undef
  663:7   warning  'Display_Table' is defined but never used                          no-unused-vars

/home/runner/work/exp-convection-radiation-iitb/exp-convection-radiation-iitb/experiment/simulation/common_libraries/js/ts_math_library/general_math_functions.js
    1:10  warning  'verify_values' is defined but never used                   no-unused-vars
   17:10  warning  'random1' is defined but never used                         no-unused-vars
   21:10  warning  'std_deviation' is defined but never used                   no-unused-vars
   26:10  warning  'gauss' is defined but never used                           no-unused-vars
   56:10  warning  'hide_panel' is defined but never used                      no-unused-vars
   63:10  warning  'inverse_matrix' is defined but never used                  no-unused-vars
   96:10  warning  'matrix_multiplication' is defined but never used           no-unused-vars
  113:10  warning  'transpose_matrix' is defined but never used                no-unused-vars
  123:10  warning  'matrix_multiplication_8decimal' is defined but never used  no-unused-vars
  140:10  warning  'adjoint_2x2_matrix' is defined but never used              no-unused-vars
  145:10  warning  'find_deteminant' is defined but never used                 no-unused-vars
  174:10  warning  'get_Submatrix' is defined but never used                   no-unused-vars

/home/runner/work/exp-convection-radiation-iitb/exp-convection-radiation-iitb/experiment/simulation/common_libraries/js/ts_math_library/regression.js
   1:10  warning  'regression_linear' is defined but never used            no-unused-vars
  18:10  warning  'regression_linear_1variable' is defined but never used  no-unused-vars
  27:10  warning  'regression_linear_2variable' is defined but never used  no-unused-vars
  52:11  warning  'gauss' is not defined                                   no-undef

/home/runner/work/exp-convection-radiation-iitb/exp-convection-radiation-iitb/experiment/simulation/common_libraries/math.ob.js
  1:745  warning  'b' is already defined  no-redeclare

/home/runner/work/exp-convection-radiation-iitb/exp-convection-radiation-iitb/experiment/simulation/js/activity1.js
   19:24   warning  'MathJax' is not defined                 no-undef
   22:10   warning  'Verify_act1' is defined but never used  no-unused-vars
   27:20   warning  'get_collapse_btn_text' is not defined   no-undef
   32:28   warning  'a1_l' is not defined                    no-undef
   32:39   warning  'a1_w' is not defined                    no-undef
   32:52   warning  'a1_temp' is not defined                 no-undef
   32:95   warning  'a1_air_temp' is not defined             no-undef
   35:28   warning  'a1_mass_of_plate' is not defined        no-undef
   36:27   warning  'a1_cp' is not defined                   no-undef
   37:23   warning  'a1_epsilon' is not defined              no-undef
   38:18   warning  'a1_mu' is not defined                   no-undef
   39:16   warning  'a1_pr' is not defined                   no-undef
   40:15   warning  'a1_k' is not defined                    no-undef
   41:27   warning  'a1_temp' is not defined                 no-undef
   41:66   warning  'a1_air_temp' is not defined             no-undef
   67:5    warning  'hide_all_steps' is not defined          no-undef
   68:24   warning  'show_step' is not defined               no-undef
   69:24   warning  'MathJax' is not defined                 no-undef
   72:10   warning  'sol1' is defined but never used         no-unused-vars
   77:20   warning  'get_collapse_btn_text' is not defined   no-undef
  112:41   warning  'a1_w' is not defined                    no-undef
  117:95   warning  Unnecessary escape character: \ .        no-useless-escape
  136:5    warning  'hide_all_steps' is not defined          no-undef
  137:24   warning  'show_step' is not defined               no-undef
  138:24   warning  'MathJax' is not defined                 no-undef
  143:5    warning  'a1_tmean' is not defined                no-undef
  143:17   warning  'a1_temp' is not defined                 no-undef
  143:27   warning  'a1_air_temp' is not defined             no-undef
  144:5    warning  'a1_beta' is not defined                 no-undef
  144:20   warning  'a1_tmean' is not defined                no-undef
  145:5    warning  'a1_grpr' is not defined                 no-undef
  145:15   warning  'g' is not defined                       no-undef
  145:19   warning  'a1_beta' is not defined                 no-undef
  145:30   warning  'a1_temp' is not defined                 no-undef
  145:40   warning  'a1_air_temp' is not defined             no-undef
  145:65   warning  'a1_w' is not defined                    no-undef
  145:77   warning  'a1_pr' is not defined                   no-undef
  145:95   warning  'a1_mu' is not defined                   no-undef
  147:10   warning  'verify_sol1' is defined but never used  no-unused-vars
  149:17   warning  'a1_tmean' is not defined                no-undef
  149:27   warning  'a1_beta' is not defined                 no-undef
  149:36   warning  'a1_grpr' is not defined                 no-undef
  156:10   warning  'verify_values' is not defined           no-undef
  156:59   warning  'a1_tmean' is not defined                no-undef
  160:10   warning  'verify_values' is not defined           no-undef
  160:60   warning  'a1_beta' is not defined                 no-undef
  164:10   warning  'verify_values' is not defined           no-undef
  164:60   warning  'a1_grpr' is not defined                 no-undef
  170:25   warning  'a1_tmean' is not defined                no-undef
  172:25   warning  'a1_beta' is not defined                 no-undef
  174:25   warning  'a1_grpr' is not defined                 no-undef
  180:20   warning  'get_collapse_btn_text' is not defined   no-undef
  220:5    warning  'hide_all_steps' is not defined          no-undef
  221:24   warning  'show_step' is not defined               no-undef
  222:24   warning  'MathJax' is not defined                 no-undef
  226:5    warning  'a1_nu' is not defined                   no-undef
  226:30   warning  'a1_grpr' is not defined                 no-undef
  227:5    warning  'a1_h' is not defined                    no-undef
  227:12   warning  'a1_nu' is not defined                   no-undef
  227:20   warning  'a1_k' is not defined                    no-undef
  227:27   warning  'a1_w' is not defined                    no-undef
  229:10   warning  'verify_sol2' is defined but never used  no-unused-vars
  231:17   warning  'a1_nu' is not defined                   no-undef
  231:24   warning  'a1_h' is not defined                    no-undef
  236:10   warning  'verify_values' is not defined           no-undef
  236:48   warning  'a1_nu' is not defined                   no-undef
  240:10   warning  'verify_values' is not defined           no-undef
  240:48   warning  'a1_h' is not defined                    no-undef
  246:25   warning  'a1_nu' is not defined                   no-undef
  248:25   warning  'a1_h' is not defined                    no-undef
  254:20   warning  'get_collapse_btn_text' is not defined   no-undef
  276:45   warning  'a1_temp' is not defined                 no-undef
  291:5    warning  'hide_all_steps' is not defined          no-undef
  292:24   warning  'show_step' is not defined               no-undef
  293:24   warning  'MathJax' is not defined                 no-undef
  297:5    warning  'first_sol' is not defined               no-undef
  297:17   warning  'a1_h' is not defined                    no-undef
  297:29   warning  'a1_temp' is not defined                 no-undef
  297:39   warning  'a1_air_temp' is not defined             no-undef
  297:55   warning  'a1_mass_of_plate' is not defined        no-undef
  297:74   warning  'a1_cp' is not defined                   no-undef
  299:10   warning  'verify_sol3' is defined but never used  no-unused-vars
  301:17   warning  'first_sol' is not defined               no-undef
  304:10   warning  'verify_values' is not defined           no-undef
  304:48   warning  'first_sol' is not defined               no-undef
  310:25   warning  'first_sol' is not defined               no-undef
  316:20   warning  'get_collapse_btn_text' is not defined   no-undef
  356:5    warning  'hide_all_steps' is not defined          no-undef
  357:24   warning  'show_step' is not defined               no-undef
  358:24   warning  'MathJax' is not defined                 no-undef
  359:5    warning  'second_sol' is not defined              no-undef
  359:19   warning  'a1_mass_of_plate' is not defined        no-undef
  359:38   warning  'a1_cp' is not defined                   no-undef
  359:61   warning  'a1_air_temp' is not defined             no-undef
  359:77   warning  'a1_temp' is not defined                 no-undef
  359:87   warning  'a1_air_temp' is not defined             no-undef
  359:104  warning  'a1_h' is not defined                    no-undef
  361:10   warning  'verify_sol4' is defined but never used  no-unused-vars
  363:17   warning  'second_sol' is not defined              no-undef
  366:10   warning  'verify_values' is not defined           no-undef
  366:48   warning  'second_sol' is not defined              no-undef
  372:25   warning  'second_sol' is not defined              no-undef
  378:20   warning  'get_collapse_btn_text' is not defined   no-undef
  411:5    warning  'hide_all_steps' is not defined          no-undef
  412:24   warning  'show_step' is not defined               no-undef
  413:24   warning  'MathJax' is not defined                 no-undef
  414:5    warning  'forth_sol' is not defined               no-undef
  414:18   warning  'a1_h' is not defined                    no-undef
  414:30   warning  'a1_temp' is not defined                 no-undef
  414:40   warning  'a1_air_temp' is not defined             no-undef
  416:14   warning  'boltzmann_contant' is not defined       no-undef
  416:38   warning  'a1_epsilon' is not defined              no-undef
  416:63   warning  'a1_temp' is not defined                 no-undef
  416:96   warning  'a1_air_temp' is not defined             no-undef
  417:5    warning  'forth_sol' is not defined               no-undef
  417:17   warning  'forth_sol' is not defined               no-undef
  417:30   warning  'a1_mass_of_plate' is not defined        no-undef
  417:49   warning  'a1_cp' is not defined                   no-undef
  419:10   warning  'verify_sol5' is defined but never used  no-unused-vars
  421:17   warning  'forth_sol' is not defined               no-undef
  424:10   warning  'verify_values' is not defined           no-undef
  424:48   warning  'forth_sol' is not defined               no-undef
  430:25   warning  'forth_sol' is not defined               no-undef

/home/runner/work/exp-convection-radiation-iitb/exp-convection-radiation-iitb/experiment/simulation/js/activity2.js
    1:10   warning  'activity2' is defined but never used     no-unused-vars
   17:5    warning  'maindiv' is not defined                  no-undef
   18:24   warning  'MathJax' is not defined                  no-undef
   21:10   warning  'Verify_act2' is defined but never used   no-unused-vars
   26:20   warning  'get_collapse_btn_text' is not defined    no-undef
   31:66   warning  'a2_t_sat' is not defined                 no-undef
   31:138  warning  'a2_l1' is not defined                    no-undef
   31:158  warning  'a2_w' is not defined                     no-undef
   31:196  warning  'a2_t_wall' is not defined                no-undef
   31:320  warning  'a2_l2' is not defined                    no-undef
   34:15   warning  'a2_k' is not defined                     no-undef
   35:28   warning  'a2_hfg' is not defined                   no-undef
   36:19   warning  'a2_rho' is not defined                   no-undef
   38:15   warning  'g' is not defined                        no-undef
   50:5    warning  'maindiv' is not defined                  no-undef
   51:5    warning  'hide_all_steps' is not defined           no-undef
   52:24   warning  'show_step' is not defined                no-undef
   53:24   warning  'MathJax' is not defined                  no-undef
   56:10   warning  'a2_sol2' is defined but never used       no-unused-vars
   57:20   warning  'get_collapse_btn_text' is not defined    no-undef
   74:29   warning  'a2_l1' is not defined                    no-undef
   88:55   warning  'a2_l1' is not defined                    no-undef
   88:66   warning  'a2_w' is not defined                     no-undef
  103:5    warning  'single_plate2_q' is not defined          no-undef
  104:5    warning  'maindiv' is not defined                  no-undef
  105:5    warning  'hide_all_steps' is not defined           no-undef
  106:24   warning  'show_step' is not defined                no-undef
  107:24   warning  'MathJax' is not defined                  no-undef
  109:10   warning  'verify2_sol2' is defined but never used  no-unused-vars
  111:17   warning  'a2_h1' is not defined                    no-undef
  111:24   warning  'a2_q1' is not defined                    no-undef
  116:10   warning  'verify_values' is not defined            no-undef
  116:48   warning  'a2_h1' is not defined                    no-undef
  120:10   warning  'verify_values' is not defined            no-undef
  120:48   warning  'a2_q1' is not defined                    no-undef
  126:25   warning  'a2_h1' is not defined                    no-undef
  128:25   warning  'a2_q1' is not defined                    no-undef
  134:20   warning  'get_collapse_btn_text' is not defined    no-undef
  151:29   warning  'a2_l2' is not defined                    no-undef
  165:59   warning  'a2_l2' is not defined                    no-undef
  165:70   warning  'a2_w' is not defined                     no-undef
  182:5    warning  'double_plate2_q' is not defined          no-undef
  183:5    warning  'maindiv' is not defined                  no-undef
  184:5    warning  'hide_all_steps' is not defined           no-undef
  185:24   warning  'show_step' is not defined                no-undef
  186:24   warning  'MathJax' is not defined                  no-undef
  188:10   warning  'verify2_sol3' is defined but never used  no-unused-vars
  190:17   warning  'a2_h2' is not defined                    no-undef
  190:24   warning  'a2_q2' is not defined                    no-undef
  195:10   warning  'verify_values' is not defined            no-undef
  195:48   warning  'a2_h2' is not defined                    no-undef
  199:10   warning  'verify_values' is not defined            no-undef
  199:48   warning  'a2_q2' is not defined                    no-undef
  205:25   warning  'a2_h2' is not defined                    no-undef
  207:25   warning  'a2_q2' is not defined                    no-undef

/home/runner/work/exp-convection-radiation-iitb/exp-convection-radiation-iitb/experiment/simulation/js/data.js
  14:5  warning  'a1_l' is assigned a value but never used               no-unused-vars
  15:5  warning  'a1_w' is assigned a value but never used               no-unused-vars
  16:5  warning  'a1_temp' is assigned a value but never used            no-unused-vars
  17:5  warning  'a1_air_temp' is assigned a value but never used        no-unused-vars
  18:5  warning  'a1_mass_of_plate' is assigned a value but never used   no-unused-vars
  19:5  warning  'a1_cp' is assigned a value but never used              no-unused-vars
  20:7  warning  'a1_epsilon' is assigned a value but never used         no-unused-vars
  21:5  warning  'a1_mu' is assigned a value but never used              no-unused-vars
  22:5  warning  'a1_pr' is assigned a value but never used              no-unused-vars
  23:7  warning  'boltzmann_contant' is assigned a value but never used  no-unused-vars
  24:7  warning  'a1_k' is assigned a value but never used               no-unused-vars
  25:7  warning  'g' is assigned a value but never used                  no-unused-vars
  26:5  warning  'a1_tmean' is assigned a value but never used           no-unused-vars
  27:5  warning  'a1_beta' is assigned a value but never used            no-unused-vars
  28:5  warning  'a1_grpr' is assigned a value but never used            no-unused-vars
  29:5  warning  'a1_nu' is assigned a value but never used              no-unused-vars
  30:5  warning  'a1_h' is assigned a value but never used               no-unused-vars
  31:5  warning  'first_sol' is assigned a value but never used          no-unused-vars
  32:5  warning  'second_sol' is assigned a value but never used         no-unused-vars
  33:5  warning  'third_sol' is assigned a value but never used          no-unused-vars
  34:5  warning  'forth_sol' is assigned a value but never used          no-unused-vars

/home/runner/work/exp-convection-radiation-iitb/exp-convection-radiation-iitb/experiment/simulation/js/gauss_ele.js
  42:10  warning  'gauss_ele' is defined but never used  no-unused-vars

/home/runner/work/exp-convection-radiation-iitb/exp-convection-radiation-iitb/experiment/simulation/js/screen_size.js
  1:10  warning  'set_screen_size' is defined but never used  no-unused-vars

/home/runner/work/exp-convection-radiation-iitb/exp-convection-radiation-iitb/experiment/simulation/js/trap.js
   4:10  warning  'generate_data' is defined but never used  no-unused-vars
  13:10  warning  'trap' is defined but never used           no-unused-vars
  21:10  warning  'sim1by3' is defined but never used        no-unused-vars
  29:10  warning  'sim3by8' is defined but never used        no-unused-vars

✖ 256 problems (0 errors, 256 warnings)

